<?xml version="1.0" encoding="UTF-8"?>
<!-- Generated by org.testng.reporters.JUnitReportReporter -->
<testsuite hostname="ADMINRG-QQUTRRH" failures="0" tests="1" name="com.ds.testLayer.LoginPageTest" time="42.921" errors="0" timestamp="2022-11-29T13:07:09 IST" skipped="0">
  <testcase classname="com.ds.testLayer.LoginPageTest" name="verifyLoginTest" time="42.921"/>
  <system-out/>
</testsuite> <!-- com.ds.testLayer.LoginPageTest -->
